<?xml version="1.0" encoding="UTF-8"?>
<!-- Generated by org.testng.reporters.JUnitReportReporter -->
<testsuite hostname="PC00438" failures="0" tests="1" name="test.google.search.SearchHomeTest" time="19.246" errors="0" timestamp="26 Apr 2021 03:40:48 GMT" skipped="0">
  <testcase classname="test.google.search.SearchHomeTest" name="verifyDomainOfSearchHome" time="19.246"/>
</testsuite> <!-- test.google.search.SearchHomeTest -->
