<?xml version="1.0" encoding="UTF-8"?>
<!-- Generated by org.testng.reporters.JUnitReportReporter -->
<testsuite hostname="PC00438" failures="0" tests="1" name="test.google.search.SearchHomeTest" time="10.937" errors="0" timestamp="26 Apr 2021 04:03:15 GMT" skipped="0">
  <testcase classname="test.google.search.SearchHomeTest" name="verifyDomainOfSearchHome" time="10.937"/>
</testsuite> <!-- test.google.search.SearchHomeTest -->
