<?xml version="1.0" encoding="UTF-8"?>
<!-- Generated by org.testng.reporters.JUnitReportReporter -->
<testsuite hostname="PC00438" failures="0" tests="1" name="test.google.search.SearchHomeTest" time="19.703" errors="0" timestamp="26 Apr 2021 04:10:17 GMT" skipped="0">
  <testcase classname="test.google.search.SearchHomeTest" name="verifyDomainOfSearchHome" time="19.703"/>
</testsuite> <!-- test.google.search.SearchHomeTest -->
